{
    "meta": {
        "format": 3,
        "version": "7.15.4",
        "timestamp": "2026-08-19T05:34:51.827036",
        "branch_coverage": true,
        "show_contexts": false
    },
    "files": {
        "src/nks/__init__.py": {
            "executed_lines": [
                8
            ],
            "summary": {
                "covered_lines": 1,
                "num_statements": 1,
                "percent_covered": 100.0,
                "percent_covered_display": "100.0",
                "missing_lines": 0,
                "excluded_lines": 0,
                "percent_statements_covered": 100.0,
                "percent_statements_covered_display": "100.0",
                "num_branches": 0,
                "num_partial_branches": 0,
                "covered_branches": 0,
                "missing_branches": 0,
                "percent_branches_covered": 100.0,
                "percent_branches_covered_display": "100.0"
            },
            "missing_lines": [],
            "excluded_lines": [],
            "executed_branches": [],
            "missing_branches": [],
            "functions": {
                "": {
                    "executed_lines": [
                        8
                    ],
                    "summary": {
                        "covered_lines": 1,
                        "num_statements": 1,
                        "percent_covered": 100.0,
                        "percent_covered_display": "100.0",
                        "missing_lines": 0,
                        "excluded_lines": 0,
                        "percent_statements_covered": 100.0,
                        "percent_statements_covered_display": "100.0",
                        "num_branches": 0,
                        "num_partial_branches": 0,
                        "covered_branches": 0,
                        "missing_branches": 0,
                        "percent_branches_covered": 100.0,
                        "percent_branches_covered_display": "100.0"
                    },
                    "missing_lines": [],
                    "excluded_lines": [],
                    "start_line": 1,
                    "executed_branches": [],
                    "missing_branches": []
                }
            },
            "classes": {
                "": {
                    "executed_lines": [
                        8
                    ],
                    "summary": {
                        "covered_lines": 1,
                        "num_statements": 1,
                        "percent_covered": 100.0,
                        "percent_covered_display": "100.0",
                        "missing_lines": 0,
                        "excluded_lines": 0,
                        "percent_statements_covered": 100.0,
                        "percent_statements_covered_display": "100.0",
                        "num_branches": 0,
                        "num_partial_branches": 0,
                        "covered_branches": 0,
                        "missing_branches": 0,
                        "percent_branches_covered": 100.0,
                        "percent_branches_covered_display": "100.0"
                    },
                    "missing_lines": [],
                    "excluded_lines": [],
                    "start_line": 1,
                    "executed_branches": [],
                    "missing_branches": []
                }
            }
        },
        "src/nks/application/approval_lifecycle.py": {
            "executed_lines": [
                3,
                5,
                6,
                8,
                16,
                19,
                21,
                28,
                29,
                32,
                62,
                69,
                70,
                73,
                103,
                110,
                113,
                116
            ],
            "summary": {
                "covered_lines": 18,
                "num_statements": 70,
                "percent_covered": 18.51851851851852,
                "percent_covered_display": "18.5",
                "missing_lines": 52,
                "excluded_lines": 0,
                "percent_statements_covered": 25.714285714285715,
                "percent_statements_covered_display": "25.7",
                "num_branches": 38,
                "num_partial_branches": 2,
                "covered_branches": 2,
                "missing_branches": 36,
                "percent_branches_covered": 5.2631578947368425,
                "percent_branches_covered_display": "5.3"
            },
            "missing_lines": [
                30,
                39,
                40,
                41,
                42,
                44,
                45,
                46,
                47,
                48,
                49,
                51,
                58,
                59,
                60,
                63,
                64,
                65,
                66,
                71,
                80,
                81,
                82,
                83,
                85,
                86,
                87,
                88,
                89,
                90,
                92,
                99,
                100,
                101,
                104,
                105,
                106,
                107,
                114,
                117,
                118,
                119,
                120,
                121,
                122,
                123,
                124,
                125,
                127,
                134,
                135,
                136
            ],
            "excluded_lines": [],
            "executed_branches": [
                [
                    19,
                    21
                ],
                [
                    21,
                    -16
                ]
            ],
            "missing_branches": [
                [
                    19,
                    -19
                ],
                [
                    21,
                    -21
                ],
                [
                    41,
                    42
                ],
                [
                    41,
                    44
                ],
                [
                    44,
                    45
                ],
                [
                    44,
                    46
                ],
                [
                    46,
                    47
                ],
                [
                    46,
                    48
                ],
                [
                    48,
                    49
                ],
                [
                    48,
                    51
                ],
                [
                    58,
                    59
                ],
                [
                    58,
                    60
                ],
                [
                    64,
                    65
                ],
                [
                    64,
                    66
                ],
                [
                    82,
                    83
                ],
                [
                    82,
                    85
                ],
                [
                    85,
                    86
                ],
                [
                    85,
                    87
                ],
                [
                    87,
                    88
                ],
                [
                    87,
                    89
                ],
                [
                    89,
                    90
                ],
                [
                    89,
                    92
                ],
                [
                    99,
                    100
                ],
                [
                    99,
                    101
                ],
                [
                    105,
                    106
                ],
                [
                    105,
                    107
                ],
                [
                    118,
                    119
                ],
                [
                    118,
                    120
                ],
                [
                    120,
                    121
                ],
                [
                    120,
                    122
                ],
                [
                    122,
                    123
                ],
                [
                    122,
                    124
                ],
                [
                    124,
                    125
                ],
                [
                    124,
                    127
                ],
                [
                    134,
                    135
                ],
                [
                    134,
                    136
                ]
            ],
            "functions": {
                "ApprovalGrantRepository.get_approval": {
                    "executed_lines": [
                        19
                    ],
                    "summary": {
                        "covered_lines": 1,
                        "num_statements": 1,
                        "percent_covered": 66.66666666666667,
                        "percent_covered_display": "66.7",
                        "missing_lines": 0,
                        "excluded_lines": 0,
                        "percent_statements_covered": 100.0,
                        "percent_statements_covered_display": "100.0",
                        "num_branches": 2,
                        "num_partial_branches": 1,
                        "covered_branches": 1,
                        "missing_branches": 1,
                        "percent_branches_covered": 50.0,
                        "percent_branches_covered_display": "50.0"
                    },
                    "missing_lines": [],
                    "excluded_lines": [],
                    "start_line": 19,
                    "executed_branches": [
                        [
                            19,
                            21
                        ]
                    ],
                    "missing_branches": [
                        [
                            19,
                            -19
                        ]
                    ]
                },
                "ApprovalGrantRepository.compare_and_swap_approval": {
                    "executed_lines": [],
                    "summary": {
                        "covered_lines": 0,
                        "num_statements": 0,
                        "percent_covered": 100.0,
                        "percent_covered_display": "100.0",
                        "missing_lines": 0,
                        "excluded_lines": 0,
                        "percent_statements_covered": 100.0,
                        "percent_statements_covered_display": "100.0",
                        "num_branches": 0,
                        "num_partial_branches": 0,
                        "covered_branches": 0,
                        "missing_branches": 0,
                        "percent_branches_covered": 100.0,
                        "percent_branches_covered_display": "100.0"
                    },
                    "missing_lines": [],
                    "excluded_lines": [],
                    "start_line": 21,
                    "executed_branches": [],
                    "missing_branches": []
                },
                "ReserveApproval.__init__": {
                    "executed_lines": [],
                    "summary": {
                        "covered_lines": 0,
                        "num_statements": 1,
                        "percent_covered": 0.0,
                        "percent_covered_display": "0.0",
                        "missing_lines": 1,
                        "excluded_lines": 0,
                        "percent_statements_covered": 0.0,
                        "percent_statements_covered_display": "0.0",
                        "num_branches": 0,
                        "num_partial_branches": 0,
                        "covered_branches": 0,
                        "missing_branches": 0,
                        "percent_branches_covered": 100.0,
                        "percent_branches_covered_display": "100.0"
                    },
                    "missing_lines": [
                        30
                    ],
                    "excluded_lines": [],
                    "start_line": 29,
                    "executed_branches": [],
                    "missing_branches": []
                },
                "ReserveApproval.execute": {
                    "executed_lines": [],
                    "summary": {
                        "covered_lines": 0,
                        "num_statements": 14,
                        "percent_covered": 0.0,
                        "percent_covered_display": "0.0",
                        "missing_lines": 14,
                        "excluded_lines": 0,
                        "percent_statements_covered": 0.0,
                        "percent_statements_covered_display": "0.0",
                        "num_branches": 10,
                        "num_partial_branches": 0,
                        "covered_branches": 0,
                        "missing_branches": 10,
                        "percent_branches_covered": 0.0,
                        "percent_branches_covered_display": "0.0"
                    },
                    "missing_lines": [
                        39,
                        40,
                        41,
                        42,
                        44,
                        45,
                        46,
                        47,
                        48,
                        49,
                        51,
                        58,
                        59,
                        60
                    ],
                    "excluded_lines": [],
                    "start_line": 32,
                    "executed_branches": [],
                    "missing_branches": [
                        [
                            41,
                            42
                        ],
                        [
                            41,
                            44
                        ],
                        [
                            44,
                            45
                        ],
                        [
                            44,
                            46
                        ],
                        [
                            46,
                            47
                        ],
                        [
                            46,
                            48
                        ],
                        [
                            48,
                            49
                        ],
                        [
                            48,
                            51
                        ],
                        [
                            58,
                            59
                        ],
                        [
                            58,
                            60
                        ]
                    ]
                },
                "ReserveApproval._require_grant": {
                    "executed_lines": [],
                    "summary": {
                        "covered_lines": 0,
                        "num_statements": 4,
                        "percent_covered": 0.0,
                        "percent_covered_display": "0.0",
                        "missing_lines": 4,
                        "excluded_lines": 0,
                        "percent_statements_covered": 0.0,
                        "percent_statements_covered_display": "0.0",
                        "num_branches": 2,
                        "num_partial_branches": 0,
                        "covered_branches": 0,
                        "missing_branches": 2,
                        "percent_branches_covered": 0.0,
                        "percent_branches_covered_display": "0.0"
                    },
                    "missing_lines": [
                        63,
                        64,
                        65,
                        66
                    ],
                    "excluded_lines": [],
                    "start_line": 62,
                    "executed_branches": [],
                    "missing_branches": [
                        [
                            64,
                            65
                        ],
                        [
                            64,
                            66
                        ]
                    ]
                },
                "ConsumeApproval.__init__": {
                    "executed_lines": [],
                    "summary": {
                        "covered_lines": 0,
                        "num_statements": 1,
                        "percent_covered": 0.0,
                        "percent_covered_display": "0.0",
                        "missing_lines": 1,
                        "excluded_lines": 0,
                        "percent_statements_covered": 0.0,
                        "percent_statements_covered_display": "0.0",
                        "num_branches": 0,
                        "num_partial_branches": 0,
                        "covered_branches": 0,
                        "missing_branches": 0,
                        "percent_branches_covered": 100.0,
                        "percent_branches_covered_display": "100.0"
                    },
                    "missing_lines": [
                        71
                    ],
                    "excluded_lines": [],
                    "start_line": 70,
                    "executed_branches": [],
                    "missing_branches": []
                },
                "ConsumeApproval.execute": {
                    "executed_lines": [],
                    "summary": {
                        "covered_lines": 0,
                        "num_statements": 14,
                        "percent_covered": 0.0,
                        "percent_covered_display": "0.0",
                        "missing_lines": 14,
                        "excluded_lines": 0,
                        "percent_statements_covered": 0.0,
                        "percent_statements_covered_display": "0.0",
                        "num_branches": 10,
                        "num_partial_branches": 0,
                        "covered_branches": 0,
                        "missing_branches": 10,
                        "percent_branches_covered": 0.0,
                        "percent_branches_covered_display": "0.0"
                    },
                    "missing_lines": [
                        80,
                        81,
                        82,
                        83,
                        85,
                        86,
                        87,
                        88,
                        89,
                        90,
                        92,
                        99,
                        100,
                        101
                    ],
                    "excluded_lines": [],
                    "start_line": 73,
                    "executed_branches": [],
                    "missing_branches": [
                        [
                            82,
                            83
                        ],
                        [
                            82,
                            85
                        ],
                        [
                            85,
                            86
                        ],
                        [
                            85,
                            87
                        ],
                        [
                            87,
                            88
                        ],
                        [
                            87,
                            89
                        ],
                        [
                            89,
                            90
                        ],
                        [
                            89,
                            92
                        ],
                        [
                            99,
                            100
                        ],
                        [
                            99,
                            101
                        ]
                    ]
                },
                "ConsumeApproval._require_grant": {
                    "executed_lines": [],
                    "summary": {
                        "covered_lines": 0,
                        "num_statements": 4,
                        "percent_covered": 0.0,
                        "percent_covered_display": "0.0",
                        "missing_lines": 4,
                        "excluded_lines": 0,
                        "percent_statements_covered": 0.0,
                        "percent_statements_covered_display": "0.0",
                        "num_branches": 2,
                        "num_partial_branches": 0,
                        "covered_branches": 0,
                        "missing_branches": 2,
                        "percent_branches_covered": 0.0,
                        "percent_branches_covered_display": "0.0"
                    },
                    "missing_lines": [
                        104,
                        105,
                        106,
                        107
                    ],
                    "excluded_lines": [],
                    "start_line": 103,
                    "executed_branches": [],
                    "missing_branches": [
                        [
                            105,
                            106
                        ],
                        [
                            105,
                            107
                        ]
                    ]
                },
                "ReleaseApprovalReservation.__init__": {
                    "executed_lines": [],
                    "summary": {
                        "covered_lines": 0,
                        "num_statements": 1,
                        "percent_covered": 0.0,
                        "percent_covered_display": "0.0",
                        "missing_lines": 1,
                        "excluded_lines": 0,
                        "percent_statements_covered": 0.0,
                        "percent_statements_covered_display": "0.0",
                        "num_branches": 0,
                        "num_partial_branches": 0,
                        "covered_branches": 0,
                        "missing_branches": 0,
                        "percent_branches_covered": 100.0,
                        "percent_branches_covered_display": "100.0"
                    },
                    "missing_lines": [
                        114
                    ],
                    "excluded_lines": [],
                    "start_line": 113,
                    "executed_branches": [],
                    "missing_branches": []
                },
                "ReleaseApprovalReservation.execute": {
                    "executed_lines": [],
                    "summary": {
                        "covered_lines": 0,
                        "num_statements": 13,
                        "percent_covered": 0.0,
                        "percent_covered_display": "0.0",
                        "missing_lines": 13,
                        "excluded_lines": 0,
                        "percent_statements_covered": 0.0,
                        "percent_statements_covered_display": "0.0",
                        "num_branches": 10,
                        "num_partial_branches": 0,
                        "covered_branches": 0,
                        "missing_branches": 10,
                        "percent_branches_covered": 0.0,
                        "percent_branches_covered_display": "0.0"
                    },
                    "missing_lines": [
                        117,
                        118,
                        119,
                        120,
                        121,
                        122,
                        123,
                        124,
                        125,
                        127,
                        134,
                        135,
                        136
                    ],
                    "excluded_lines": [],
                    "start_line": 116,
                    "executed_branches": [],
                    "missing_branches": [
                        [
                            118,
                            119
                        ],
                        [
                            118,
                            120
                        ],
                        [
                            120,
                            121
                        ],
                        [
                            120,
                            122
                        ],
                        [
                            122,
                            123
                        ],
                        [
                            122,
                            124
                        ],
                        [
                            124,
                            125
                        ],
                        [
                            124,
                            127
                        ],
                        [
                            134,
                            135
                        ],
                        [
                            134,
                            136
                        ]
                    ]
                },
                "": {
                    "executed_lines": [
                        3,
                        5,
                        6,
                        8,
                        16,
                        21,
                        28,
                        29,
                        32,
                        62,
                        69,
                        70,
                        73,
                        103,
                        110,
                        113,
                        116
                    ],
                    "summary": {
                        "covered_lines": 17,
                        "num_statements": 17,
                        "percent_covered": 94.73684210526316,
                        "percent_covered_display": "94.7",
                        "missing_lines": 0,
                        "excluded_lines": 0,
                        "percent_statements_covered": 100.0,
                        "percent_statements_covered_display": "100.0",
                        "num_branches": 2,
                        "num_partial_branches": 1,
                        "covered_branches": 1,
                        "missing_branches": 1,
                        "percent_branches_covered": 50.0,
                        "percent_branches_covered_display": "50.0"
                    },
                    "missing_lines": [],
                    "excluded_lines": [],
                    "start_line": 1,
                    "executed_branches": [
                        [
                            21,
                            -16
                        ]
                    ],
                    "missing_branches": [
                        [
                            21,
                            -21
                        ]
                    ]
                }
            },
            "classes": {
                "ApprovalGrantRepository": {
                    "executed_lines": [
                        19
                    ],
                    "summary": {
                        "covered_lines": 1,
                        "num_statements": 1,
                        "percent_covered": 66.66666666666667,
                        "percent_covered_display": "66.7",
                        "missing_lines": 0,
                        "excluded_lines": 0,
                        "percent_statements_covered": 100.0,
                        "percent_statements_covered_display": "100.0",
                        "num_branches": 2,
                        "num_partial_branches": 1,
                        "covered_branches": 1,
                        "missing_branches": 1,
                        "percent_branches_covered": 50.0,
                        "percent_branches_covered_display": "50.0"
                    },
                    "missing_lines": [],
                    "excluded_lines": [],
                    "start_line": 16,
                    "executed_branches": [
                        [
                            19,
                            21
                        ]
                    ],
                    "missing_branches": [
                        [
                            19,
                            -19
                        ]
                    ]
                },
                "ReserveApproval": {
                    "executed_lines": [],
                    "summary": {
                        "covered_lines": 0,
                        "num_statements": 19,
                        "percent_covered": 0.0,
                        "percent_covered_display": "0.0",
                        "missing_lines": 19,
                        "excluded_lines": 0,
                        "percent_statements_covered": 0.0,
                        "percent_statements_covered_display": "0.0",
                        "num_branches": 12,
                        "num_partial_branches": 0,
                        "covered_branches": 0,
                        "missing_branches": 12,
                        "percent_branches_covered": 0.0,
                        "percent_branches_covered_display": "0.0"
                    },
                    "missing_lines": [
                        30,
                        39,
                        40,
                        41,
                        42,
                        44,
                        45,
                        46,
                        47,
                        48,
                        49,
                        51,
                        58,
                        59,
                        60,
                        63,
                        64,
                        65,
                        66
                    ],
                    "excluded_lines": [],
                    "start_line": 28,
                    "executed_branches": [],
                    "missing_branches": [
                        [
                            41,
                            42
                        ],
                        [
                            41,
                            44
                        ],
                        [
                            44,
                            45
                        ],
                        [
                            44,
                            46
                        ],
                        [
                            46,
                            47
                        ],
                        [
                            46,
                            48
                        ],
                        [
                            48,
                            49
                        ],
                        [
                            48,
                            51
                        ],
                        [
                            58,
                            59
                        ],
                        [
                            58,
                            60
                        ],
                        [
                            64,
                            65
                        ],
                        [
                            64,
                            66
                        ]
                    ]
                },
                "ConsumeApproval": {
                    "executed_lines": [],
                    "summary": {
                        "covered_lines": 0,
                        "num_statements": 19,
                        "percent_covered": 0.0,
                        "percent_covered_display": "0.0",
                        "missing_lines": 19,
                        "excluded_lines": 0,
                        "percent_statements_covered": 0.0,
                        "percent_statements_covered_display": "0.0",
                        "num_branches": 12,
                        "num_partial_branches": 0,
                        "covered_branches": 0,
                        "missing_branches": 12,
                        "percent_branches_covered": 0.0,
                        "percent_branches_covered_display": "0.0"
                    },
                    "missing_lines": [
                        71,
                        80,
                        81,
                        82,
                        83,
                        85,
                        86,
                        87,
                        88,
                        89,
                        90,
                        92,
                        99,
                        100,
                        101,
                        104,
                        105,
                        106,
                        107
                    ],
                    "excluded_lines": [],
                    "start_line": 69,
                    "executed_branches": [],
                    "missing_branches": [
                        [
                            82,
                            83
                        ],
                        [
                            82,
                            85
                        ],
                        [
                            85,
                            86
                        ],
                        [
                            85,
                            87
                        ],
                        [
                            87,
                            88
                        ],
                        [
                            87,
                            89
                        ],
                        [
                            89,
                            90
                        ],
                        [
                            89,
                            92
                        ],
                        [
                            99,
                            100
                        ],
                        [
                            99,
                            101
                        ],
                        [
                            105,
                            106
                        ],
                        [
                            105,
                            107
                        ]
                    ]
                },
                "ReleaseApprovalReservation": {
                    "executed_lines": [],
                    "summary": {
                        "covered_lines": 0,
                        "num_statements": 14,
                        "percent_covered": 0.0,
                        "percent_covered_display": "0.0",
                        "missing_lines": 14,
                        "excluded_lines": 0,
                        "percent_statements_covered": 0.0,
                        "percent_statements_covered_display": "0.0",
                        "num_branches": 10,
                        "num_partial_branches": 0,
                        "covered_branches": 0,
                        "missing_branches": 10,
                        "percent_branches_covered": 0.0,
                        "percent_branches_covered_display": "0.0"
                    },
                    "missing_lines": [
                        114,
                        117,
                        118,
                        119,
                        120,
                        121,
                        122,
                        123,
                        124,
                        125,
                        127,
                        134,
                        135,
                        136
                    ],
                    "excluded_lines": [],
                    "start_line": 110,
                    "executed_branches": [],
                    "missing_branches": [
                        [
                            118,
                            119
                        ],
                        [
                            118,
                            120
                        ],
                        [
                            120,
                            121
                        ],
                        [
                            120,
                            122
                        ],
                        [
                            122,
                            123
                        ],
                        [
                            122,
                            124
                        ],
                        [
                            124,
                            125
                        ],
                        [
                            124,
                            127
                        ],
                        [
                            134,
                            135
                        ],
                        [
                            134,
                            136
                        ]
                    ]
                },
                "": {
                    "executed_lines": [
                        3,
                        5,
                        6,
                        8,
                        16,
                        21,
                        28,
                        29,
                        32,
                        62,
                        69,
                        70,
                        73,
                        103,
                        110,
                        113,
                        116
                    ],
                    "summary": {
                        "covered_lines": 17,
                        "num_statements": 17,
                        "percent_covered": 94.73684210526316,
                        "percent_covered_display": "94.7",
                        "missing_lines": 0,
                        "excluded_lines": 0,
                        "percent_statements_covered": 100.0,
                        "percent_statements_covered_display": "100.0",
                        "num_branches": 2,
                        "num_partial_branches": 1,
                        "covered_branches": 1,
                        "missing_branches": 1,
                        "percent_branches_covered": 50.0,
                        "percent_branches_covered_display": "50.0"
                    },
                    "missing_lines": [],
                    "excluded_lines": [],
                    "start_line": 1,
                    "executed_branches": [
                        [
                            21,
                            -16
                        ]
                    ],
                    "missing_branches": [
                        [
                            21,
                            -21
                        ]
                    ]
                }
            }
        },
        "src/nks/application/governed_transactions.py": {
            "executed_lines": [
                3,
                5,
                6,
                7,
                8,
                9,
                10,
                12,
                14,
                20,
                27,
                28,
                29,
                30,
                31,
                32,
                33,
                34,
                35,
                36,
                37,
                38,
                39,
                42,
                43,
                44,
                45,
                48,
                49,
                50,
                51,
                54,
                55,
                56,
                57,
                58,
                59,
                61,
                62,
                63,
                64,
                65,
                66,
                67,
                70,
                71,
                77,
                80,
                83,
                85,
                86,
                87,
                88,
                89,
                90,
                91,
                92,
                93,
                95,
                96,
                100,
                103,
                105,
                106,
                109,
                112,
                114,
                115,
                116,
                117,
                118,
                119,
                120,
                123,
                126,
                128,
                129,
                130,
                131,
                132,
                133,
                134,
                135,
                136,
                140,
                141,
                142,
                144,
                145,
                159,
                162,
                165,
                166,
                168,
                171,
                172,
                174,
                177,
                180,
                183,
                197,
                216,
                217,
                228
            ],
            "summary": {
                "covered_lines": 104,
                "num_statements": 162,
                "percent_covered": 60.60606060606061,
                "percent_covered_display": "60.6",
                "missing_lines": 58,
                "excluded_lines": 0,
                "percent_statements_covered": 64.19753086419753,
                "percent_statements_covered_display": "64.2",
                "num_branches": 36,
                "num_partial_branches": 6,
                "covered_branches": 16,
                "missing_branches": 20,
                "percent_branches_covered": 44.44444444444444,
                "percent_branches_covered_display": "44.4"
            },
            "missing_lines": [
                60,
                97,
                146,
                150,
                151,
                155,
                156,
                190,
                191,
                192,
                193,
                194,
                195,
                204,
                205,
                214,
                218,
                237,
                238,
                239,
                240,
                241,
                242,
                243,
                245,
                246,
                247,
                249,
                250,
                253,
                258,
                260,
                261,
                263,
                264,
                265,
                267,
                268,
                273,
                275,
                280,
                298,
                299,
                300,
                301,
                307,
                308,
                309,
                310,
                315,
                316,
                317,
                330,
                331,
                332,
                337,
                346,
                351
            ],
            "excluded_lines": [],
            "executed_branches": [
                [
                    55,
                    56
                ],
                [
                    55,
                    57
                ],
                [
                    57,
                    58
                ],
                [
                    57,
                    59
                ],
                [
                    59,
                    61
                ],
                [
                    61,
                    62
                ],
                [
                    61,
                    63
                ],
                [
                    63,
                    64
                ],
                [
                    63,
                    65
                ],
                [
                    65,
                    66
                ],
                [
                    65,
                    67
                ],
                [
                    162,
                    -159
                ],
                [
                    166,
                    168
                ],
                [
                    168,
                    -165
                ],
                [
                    172,
                    174
                ],
                [
                    174,
                    -171
                ]
            ],
            "missing_branches": [
                [
                    59,
                    60
                ],
                [
                    146,
                    150
                ],
                [
                    146,
                    151
                ],
                [
                    151,
                    155
                ],
                [
                    151,
                    156
                ],
                [
                    162,
                    -162
                ],
                [
                    166,
                    -166
                ],
                [
                    168,
                    -168
                ],
                [
                    172,
                    -172
                ],
                [
                    174,
                    -174
                ],
                [
                    238,
                    239
                ],
                [
                    238,
                    245
                ],
                [
                    239,
                    240
                ],
                [
                    239,
                    241
                ],
                [
                    241,
                    242
                ],
                [
                    241,
                    243
                ],
                [
                    310,
                    315
                ],
                [
                    310,
                    332
                ],
                [
                    332,
                    337
                ],
                [
                    332,
                    346
                ]
            ],
            "functions": {
                "_canonicalize": {
                    "executed_lines": [
                        55,
                        56,
                        57,
                        58,
                        59,
                        61,
                        62,
                        63,
                        64,
                        65,
                        66,
                        67
                    ],
                    "summary": {
                        "covered_lines": 12,
                        "num_statements": 13,
                        "percent_covered": 92.0,
                        "percent_covered_display": "92.0",
                        "missing_lines": 1,
                        "excluded_lines": 0,
                        "percent_statements_covered": 92.3076923076923,
                        "percent_statements_covered_display": "92.3",
                        "num_branches": 12,
                        "num_partial_branches": 1,
                        "covered_branches": 11,
                        "missing_branches": 1,
                        "percent_branches_covered": 91.66666666666667,
                        "percent_branches_covered_display": "91.7"
                    },
                    "missing_lines": [
                        60
                    ],
                    "excluded_lines": [],
                    "start_line": 54,
                    "executed_branches": [
                        [
                            55,
                            56
                        ],
                        [
                            55,
                            57
                        ],
                        [
                            57,
                            58
                        ],
                        [
                            57,
                            59
                        ],
                        [
                            59,
                            61
                        ],
                        [
                            61,
                            62
                        ],
                        [
                            61,
                            63
                        ],
                        [
                            63,
                            64
                        ],
                        [
                            63,
                            65
                        ],
                        [
                            65,
                            66
                        ],
                        [
                            65,
                            67
                        ]
                    ],
                    "missing_branches": [
                        [
                            59,
                            60
                        ]
                    ]
                },
                "canonical_sha256": {
                    "executed_lines": [
                        71,
                        77
                    ],
                    "summary": {
                        "covered_lines": 2,
                        "num_statements": 2,
                        "percent_covered": 100.0,
                        "percent_covered_display": "100.0",
                        "missing_lines": 0,
                        "excluded_lines": 0,
                        "percent_statements_covered": 100.0,
                        "percent_statements_covered_display": "100.0",
                        "num_branches": 0,
                        "num_partial_branches": 0,
                        "covered_branches": 0,
                        "missing_branches": 0,
                        "percent_branches_covered": 100.0,
                        "percent_branches_covered_display": "100.0"
                    },
                    "missing_lines": [],
                    "excluded_lines": [],
                    "start_line": 70,
                    "executed_branches": [],
                    "missing_branches": []
                },
                "GovernedOperationPlan.plan_sha256": {
                    "executed_lines": [],
                    "summary": {
                        "covered_lines": 0,
                        "num_statements": 1,
                        "percent_covered": 0.0,
                        "percent_covered_display": "0.0",
                        "missing_lines": 1,
                        "excluded_lines": 0,
                        "percent_statements_covered": 0.0,
                        "percent_statements_covered_display": "0.0",
                        "num_branches": 0,
                        "num_partial_branches": 0,
                        "covered_branches": 0,
                        "missing_branches": 0,
                        "percent_branches_covered": 100.0,
                        "percent_branches_covered_display": "100.0"
                    },
                    "missing_lines": [
                        97
                    ],
                    "excluded_lines": [],
                    "start_line": 96,
                    "executed_branches": [],
                    "missing_branches": []
                },
                "GovernedTransactionReceipt.validate_terminal_state": {
                    "executed_lines": [],
                    "summary": {
                        "covered_lines": 0,
                        "num_statements": 5,
                        "percent_covered": 0.0,
                        "percent_covered_display": "0.0",
                        "missing_lines": 5,
                        "excluded_lines": 0,
                        "percent_statements_covered": 0.0,
                        "percent_statements_covered_display": "0.0",
                        "num_branches": 4,
                        "num_partial_branches": 0,
                        "covered_branches": 0,
                        "missing_branches": 4,
                        "percent_branches_covered": 0.0,
                        "percent_branches_covered_display": "0.0"
                    },
                    "missing_lines": [
                        146,
                        150,
                        151,
                        155,
                        156
                    ],
                    "excluded_lines": [],
                    "start_line": 145,
                    "executed_branches": [],
                    "missing_branches": [
                        [
                            146,
                            150
                        ],
                        [
                            146,
                            151
                        ],
                        [
                            151,
                            155
                        ],
                        [
                            151,
                            156
                        ]
                    ]
                },
                "GovernedOperationAdapter.apply": {
                    "executed_lines": [
                        162
                    ],
                    "summary": {
                        "covered_lines": 1,
                        "num_statements": 1,
                        "percent_covered": 66.66666666666667,
                        "percent_covered_display": "66.7",
                        "missing_lines": 0,
                        "excluded_lines": 0,
                        "percent_statements_covered": 100.0,
                        "percent_statements_covered_display": "100.0",
                        "num_branches": 2,
                        "num_partial_branches": 1,
                        "covered_branches": 1,
                        "missing_branches": 1,
                        "percent_branches_covered": 50.0,
                        "percent_branches_covered_display": "50.0"
                    },
                    "missing_lines": [],
                    "excluded_lines": [],
                    "start_line": 162,
                    "executed_branches": [
                        [
                            162,
                            -159
                        ]
                    ],
                    "missing_branches": [
                        [
                            162,
                            -162
                        ]
                    ]
                },
                "GovernedTransactionJournal.append_event": {
                    "executed_lines": [
                        166
                    ],
                    "summary": {
                        "covered_lines": 1,
                        "num_statements": 1,
                        "percent_covered": 66.66666666666667,
                        "percent_covered_display": "66.7",
                        "missing_lines": 0,
                        "excluded_lines": 0,
                        "percent_statements_covered": 100.0,
                        "percent_statements_covered_display": "100.0",
                        "num_branches": 2,
                        "num_partial_branches": 1,
                        "covered_branches": 1,
                        "missing_branches": 1,
                        "percent_branches_covered": 50.0,
                        "percent_branches_covered_display": "50.0"
                    },
                    "missing_lines": [],
                    "excluded_lines": [],
                    "start_line": 166,
                    "executed_branches": [
                        [
                            166,
                            168
                        ]
                    ],
                    "missing_branches": [
                        [
                            166,
                            -166
                        ]
                    ]
                },
                "GovernedTransactionJournal.list_events": {
                    "executed_lines": [
                        168
                    ],
                    "summary": {
                        "covered_lines": 1,
                        "num_statements": 1,
                        "percent_covered": 66.66666666666667,
                        "percent_covered_display": "66.7",
                        "missing_lines": 0,
                        "excluded_lines": 0,
                        "percent_statements_covered": 100.0,
                        "percent_statements_covered_display": "100.0",
                        "num_branches": 2,
                        "num_partial_branches": 1,
                        "covered_branches": 1,
                        "missing_branches": 1,
                        "percent_branches_covered": 50.0,
                        "percent_branches_covered_display": "50.0"
                    },
                    "missing_lines": [],
                    "excluded_lines": [],
                    "start_line": 168,
                    "executed_branches": [
                        [
                            168,
                            -165
                        ]
                    ],
                    "missing_branches": [
                        [
                            168,
                            -168
                        ]
                    ]
                },
                "GovernedTransactionReceiptRepository.get_receipt": {
                    "executed_lines": [
                        172
                    ],
                    "summary": {
                        "covered_lines": 1,
                        "num_statements": 1,
                        "percent_covered": 66.66666666666667,
                        "percent_covered_display": "66.7",
                        "missing_lines": 0,
                        "excluded_lines": 0,
                        "percent_statements_covered": 100.0,
                        "percent_statements_covered_display": "100.0",
                        "num_branches": 2,
                        "num_partial_branches": 1,
                        "covered_branches": 1,
                        "missing_branches": 1,
                        "percent_branches_covered": 50.0,
                        "percent_branches_covered_display": "50.0"
                    },
                    "missing_lines": [],
                    "excluded_lines": [],
                    "start_line": 172,
                    "executed_branches": [
                        [
                            172,
                            174
                        ]
                    ],
                    "missing_branches": [
                        [
                            172,
                            -172
                        ]
                    ]
                },
                "GovernedTransactionReceiptRepository.append_receipt": {
                    "executed_lines": [
                        174
                    ],
                    "summary": {
                        "covered_lines": 1,
                        "num_statements": 1,
                        "percent_covered": 66.66666666666667,
                        "percent_covered_display": "66.7",
                        "missing_lines": 0,
                        "excluded_lines": 0,
                        "percent_statements_covered": 100.0,
                        "percent_statements_covered_display": "100.0",
                        "num_branches": 2,
                        "num_partial_branches": 1,
                        "covered_branches": 1,
                        "missing_branches": 1,
                        "percent_branches_covered": 50.0,
                        "percent_branches_covered_display": "50.0"
                    },
                    "missing_lines": [],
                    "excluded_lines": [],
                    "start_line": 174,
                    "executed_branches": [
                        [
                            174,
                            -171
                        ]
                    ],
                    "missing_branches": [
                        [
                            174,
                            -174
                        ]
                    ]
                },
                "GovernedTransactionExecutor.__init__": {
                    "executed_lines": [],
                    "summary": {
                        "covered_lines": 0,
                        "num_statements": 6,
                        "percent_covered": 0.0,
                        "percent_covered_display": "0.0",
                        "missing_lines": 6,
                        "excluded_lines": 0,
                        "percent_statements_covered": 0.0,
                        "percent_statements_covered_display": "0.0",
                        "num_branches": 0,
                        "num_partial_branches": 0,
                        "covered_branches": 0,
                        "missing_branches": 0,
                        "percent_branches_covered": 100.0,
                        "percent_branches_covered_display": "100.0"
                    },
                    "missing_lines": [
                        190,
                        191,
                        192,
                        193,
                        194,
                        195
                    ],
                    "excluded_lines": [],
                    "start_line": 183,
                    "executed_branches": [],
                    "missing_branches": []
                },
                "GovernedTransactionExecutor._record": {
                    "executed_lines": [],
                    "summary": {
                        "covered_lines": 0,
                        "num_statements": 3,
                        "percent_covered": 0.0,
                        "percent_covered_display": "0.0",
                        "missing_lines": 3,
                        "excluded_lines": 0,
                        "percent_statements_covered": 0.0,
                        "percent_statements_covered_display": "0.0",
                        "num_branches": 0,
                        "num_partial_branches": 0,
                        "covered_branches": 0,
                        "missing_branches": 0,
                        "percent_branches_covered": 100.0,
                        "percent_branches_covered_display": "100.0"
                    },
                    "missing_lines": [
                        204,
                        205,
                        214
                    ],
                    "excluded_lines": [],
                    "start_line": 197,
                    "executed_branches": [],
                    "missing_branches": []
                },
                "GovernedTransactionExecutor._approval_request": {
                    "executed_lines": [],
                    "summary": {
                        "covered_lines": 0,
                        "num_statements": 1,
                        "percent_covered": 0.0,
                        "percent_covered_display": "0.0",
                        "missing_lines": 1,
                        "excluded_lines": 0,
                        "percent_statements_covered": 0.0,
                        "percent_statements_covered_display": "0.0",
                        "num_branches": 0,
                        "num_partial_branches": 0,
                        "covered_branches": 0,
                        "missing_branches": 0,
                        "percent_branches_covered": 100.0,
                        "percent_branches_covered_display": "100.0"
                    },
                    "missing_lines": [
                        218
                    ],
                    "excluded_lines": [],
                    "start_line": 217,
                    "executed_branches": [],
                    "missing_branches": []
                },
                "GovernedTransactionExecutor.execute": {
                    "executed_lines": [],
                    "summary": {
                        "covered_lines": 0,
                        "num_statements": 41,
                        "percent_covered": 0.0,
                        "percent_covered_display": "0.0",
                        "missing_lines": 41,
                        "excluded_lines": 0,
                        "percent_statements_covered": 0.0,
                        "percent_statements_covered_display": "0.0",
                        "num_branches": 10,
                        "num_partial_branches": 0,
                        "covered_branches": 0,
                        "missing_branches": 10,
                        "percent_branches_covered": 0.0,
                        "percent_branches_covered_display": "0.0"
                    },
                    "missing_lines": [
                        237,
                        238,
                        239,
                        240,
                        241,
                        242,
                        243,
                        245,
                        246,
                        247,
                        249,
                        250,
                        253,
                        258,
                        260,
                        261,
                        263,
                        264,
                        265,
                        267,
                        268,
                        273,
                        275,
                        280,
                        298,
                        299,
                        300,
                        301,
                        307,
                        308,
                        309,
                        310,
                        315,
                        316,
                        317,
                        330,
                        331,
                        332,
                        337,
                        346,
                        351
                    ],
                    "excluded_lines": [],
                    "start_line": 228,
                    "executed_branches": [],
                    "missing_branches": [
                        [
                            238,
                            239
                        ],
                        [
                            238,
                            245
                        ],
                        [
                            239,
                            240
                        ],
                        [
                            239,
                            241
                        ],
                        [
                            241,
                            242
                        ],
                        [
                            241,
                            243
                        ],
                        [
                            310,
                            315
                        ],
                        [
                            310,
                            332
                        ],
                        [
                            332,
                            337
                        ],
                        [
                            332,
                            346
                        ]
                    ]
                },
                "": {
                    "executed_lines": [
                        3,
                        5,
                        6,
                        7,
                        8,
                        9,
                        10,
                        12,
                        14,
                        20,
                        27,
                        28,
                        29,
                        30,
                        31,
                        32,
                        33,
                        34,
                        35,
                        36,
                        37,
                        38,
                        39,
                        42,
                        43,
                        44,
                        45,
                        48,
                        49,
                        50,
                        51,
                        54,
                        70,
                        80,
                        83,
                        85,
                        86,
                        87,
                        88,
                        89,
                        90,
                        91,
                        92,
                        93,
                        95,
                        96,
                        100,
                        103,
                        105,
                        106,
                        109,
                        112,
                        114,
                        115,
                        116,
                        117,
                        118,
                        119,
                        120,
                        123,
                        126,
                        128,
                        129,
                        130,
                        131,
                        132,
                        133,
                        134,
                        135,
                        136,
                        140,
                        141,
                        142,
                        144,
                        145,
                        159,
                        165,
                        171,
                        177,
                        180,
                        183,
                        197,
                        216,
                        217,
                        228
                    ],
                    "summary": {
                        "covered_lines": 85,
                        "num_statements": 85,
                        "percent_covered": 100.0,
                        "percent_covered_display": "100.0",
                        "missing_lines": 0,
                        "excluded_lines": 0,
                        "percent_statements_covered": 100.0,
                        "percent_statements_covered_display": "100.0",
                        "num_branches": 0,
                        "num_partial_branches": 0,
                        "covered_branches": 0,
                        "missing_branches": 0,
                        "percent_branches_covered": 100.0,
                        "percent_branches_covered_display": "100.0"
                    },
                    "missing_lines": [],
                    "excluded_lines": [],
                    "start_line": 1,
                    "executed_branches": [],
                    "missing_branches": []
                }
            },
            "classes": {
                "TransactionStage": {
                    "executed_lines": [],
                    "summary": {
                        "covered_lines": 0,
                        "num_statements": 0,
                        "percent_covered": 100.0,
                        "percent_covered_display": "100.0",
                        "missing_lines": 0,
                        "excluded_lines": 0,
                        "percent_statements_covered": 100.0,
                        "percent_statements_covered_display": "100.0",
                        "num_branches": 0,
                        "num_partial_branches": 0,
                        "covered_branches": 0,
                        "missing_branches": 0,
                        "percent_branches_covered": 100.0,
                        "percent_branches_covered_display": "100.0"
                    },
                    "missing_lines": [],
                    "excluded_lines": [],
                    "start_line": 27,
                    "executed_branches": [],
                    "missing_branches": []
                },
                "TransactionTerminalState": {
                    "executed_lines": [],
                    "summary": {
                        "covered_lines": 0,
                        "num_statements": 0,
                        "percent_covered": 100.0,
                        "percent_covered_display": "100.0",
                        "missing_lines": 0,
                        "excluded_lines": 0,
                        "percent_statements_covered": 100.0,
                        "percent_statements_covered_display": "100.0",
                        "num_branches": 0,
                        "num_partial_branches": 0,
                        "covered_branches": 0,
                        "missing_branches": 0,
                        "percent_branches_covered": 100.0,
                        "percent_branches_covered_display": "100.0"
                    },
                    "missing_lines": [],
                    "excluded_lines": [],
                    "start_line": 42,
                    "executed_branches": [],
                    "missing_branches": []
                },
                "RecoveryStrategy": {
                    "executed_lines": [],
                    "summary": {
                        "covered_lines": 0,
                        "num_statements": 0,
                        "percent_covered": 100.0,
                        "percent_covered_display": "100.0",
                        "missing_lines": 0,
                        "excluded_lines": 0,
                        "percent_statements_covered": 100.0,
                        "percent_statements_covered_display": "100.0",
                        "num_branches": 0,
                        "num_partial_branches": 0,
                        "covered_branches": 0,
                        "missing_branches": 0,
                        "percent_branches_covered": 100.0,
                        "percent_branches_covered_display": "100.0"
                    },
                    "missing_lines": [],
                    "excluded_lines": [],
                    "start_line": 48,
                    "executed_branches": [],
                    "missing_branches": []
                },
                "GovernedOperationPlan": {
                    "executed_lines": [],
                    "summary": {
                        "covered_lines": 0,
                        "num_statements": 1,
                        "percent_covered": 0.0,
                        "percent_covered_display": "0.0",
                        "missing_lines": 1,
                        "excluded_lines": 0,
                        "percent_statements_covered": 0.0,
                        "percent_statements_covered_display": "0.0",
                        "num_branches": 0,
                        "num_partial_branches": 0,
                        "covered_branches": 0,
                        "missing_branches": 0,
                        "percent_branches_covered": 100.0,
                        "percent_branches_covered_display": "100.0"
                    },
                    "missing_lines": [
                        97
                    ],
                    "excluded_lines": [],
                    "start_line": 80,
                    "executed_branches": [],
                    "missing_branches": []
                },
                "GovernedOperationResult": {
                    "executed_lines": [],
                    "summary": {
                        "covered_lines": 0,
                        "num_statements": 0,
                        "percent_covered": 100.0,
                        "percent_covered_display": "100.0",
                        "missing_lines": 0,
                        "excluded_lines": 0,
                        "percent_statements_covered": 100.0,
                        "percent_statements_covered_display": "100.0",
                        "num_branches": 0,
                        "num_partial_branches": 0,
                        "covered_branches": 0,
                        "missing_branches": 0,
                        "percent_branches_covered": 100.0,
                        "percent_branches_covered_display": "100.0"
                    },
                    "missing_lines": [],
                    "excluded_lines": [],
                    "start_line": 100,
                    "executed_branches": [],
                    "missing_branches": []
                },
                "GovernedTransactionEvent": {
                    "executed_lines": [],
                    "summary": {
                        "covered_lines": 0,
                        "num_statements": 0,
                        "percent_covered": 100.0,
                        "percent_covered_display": "100.0",
                        "missing_lines": 0,
                        "excluded_lines": 0,
                        "percent_statements_covered": 100.0,
                        "percent_statements_covered_display": "100.0",
                        "num_branches": 0,
                        "num_partial_branches": 0,
                        "covered_branches": 0,
                        "missing_branches": 0,
                        "percent_branches_covered": 100.0,
                        "percent_branches_covered_display": "100.0"
                    },
                    "missing_lines": [],
                    "excluded_lines": [],
                    "start_line": 109,
                    "executed_branches": [],
                    "missing_branches": []
                },
                "GovernedTransactionReceipt": {
                    "executed_lines": [],
                    "summary": {
                        "covered_lines": 0,
                        "num_statements": 5,
                        "percent_covered": 0.0,
                        "percent_covered_display": "0.0",
                        "missing_lines": 5,
                        "excluded_lines": 0,
                        "percent_statements_covered": 0.0,
[...]
                        "percent_covered_display": "0.0",
                        "missing_lines": 47,
                        "excluded_lines": 0,
                        "percent_statements_covered": 0.0,
                        "percent_statements_covered_display": "0.0",
                        "num_branches": 24,
                        "num_partial_branches": 0,
                        "covered_branches": 0,
                        "missing_branches": 24,
                        "percent_branches_covered": 0.0,
                        "percent_branches_covered_display": "0.0"
                    },
                    "missing_lines": [
                        36,
                        37,
                        38,
                        39,
                        40,
                        43,
                        44,
                        45,
                        46,
                        47,
                        48,
                        49,
                        50,
                        51,
                        52,
                        53,
                        54,
                        55,
                        56,
                        59,
                        60,
                        61,
                        62,
                        65,
                        68,
                        69,
                        72,
                        73,
                        74,
                        75,
                        76,
                        77,
                        78,
                        81,
                        82,
                        84,
                        85,
                        86,
                        87,
                        88,
                        89,
                        90,
                        91,
                        92,
                        93,
                        95,
                        96
                    ],
                    "excluded_lines": [],
                    "start_line": 32,
                    "executed_branches": [],
                    "missing_branches": [
                        [
                            43,
                            44
                        ],
                        [
                            43,
                            45
                        ],
                        [
                            47,
                            48
                        ],
                        [
                            47,
                            49
                        ],
                        [
                            50,
                            51
                        ],
                        [
                            50,
                            56
                        ],
                        [
                            53,
                            54
                        ],
                        [
                            53,
                            55
                        ],
                        [
                            72,
                            73
                        ],
                        [
                            72,
                            84
                        ],
                        [
                            74,
                            75
                        ],
                        [
                            74,
                            76
                        ],
                        [
                            77,
                            78
                        ],
                        [
                            77,
                            81
                        ],
                        [
                            81,
                            72
                        ],
                        [
                            81,
                            82
                        ],
                        [
                            85,
                            86
                        ],
                        [
                            85,
                            88
                        ],
                        [
                            90,
                            91
                        ],
                        [
                            90,
                            92
                        ],
                        [
                            92,
                            -84
                        ],
                        [
                            92,
                            93
                        ],
                        [
                            95,
                            -71
                        ],
                        [
                            95,
                            96
                        ]
                    ]
                },
                "": {
                    "executed_lines": [
                        3,
                        5,
                        6,
                        7,
                        9,
                        12,
                        15,
                        17,
                        18,
                        19,
                        20,
                        21,
                        22,
                        23,
                        24,
                        25,
                        26,
                        27,
                        28,
                        29,
                        32,
                        35,
                        42,
                        58,
                        64,
                        67,
                        71
                    ],
                    "summary": {
                        "covered_lines": 27,
                        "num_statements": 27,
                        "percent_covered": 100.0,
                        "percent_covered_display": "100.0",
                        "missing_lines": 0,
                        "excluded_lines": 0,
                        "percent_statements_covered": 100.0,
                        "percent_statements_covered_display": "100.0",
                        "num_branches": 0,
                        "num_partial_branches": 0,
                        "covered_branches": 0,
                        "missing_branches": 0,
                        "percent_branches_covered": 100.0,
                        "percent_branches_covered_display": "100.0"
                    },
                    "missing_lines": [],
                    "excluded_lines": [],
                    "start_line": 1,
                    "executed_branches": [],
                    "missing_branches": []
                }
            }
        },
        "src/nks/governance/entitlements.py": {
            "executed_lines": [
                3,
                5,
                7,
                10,
                13,
                15,
                16,
                17,
                18,
                21,
                24,
                32,
                36
            ],
            "summary": {
                "covered_lines": 13,
                "num_statements": 23,
                "percent_covered": 44.827586206896555,
                "percent_covered_display": "44.8",
                "missing_lines": 10,
                "excluded_lines": 0,
                "percent_statements_covered": 56.52173913043478,
                "percent_statements_covered_display": "56.5",
                "num_branches": 6,
                "num_partial_branches": 0,
                "covered_branches": 0,
                "missing_branches": 6,
                "percent_branches_covered": 0.0,
                "percent_branches_covered_display": "0.0"
            },
            "missing_lines": [
                25,
                26,
                27,
                28,
                29,
                30,
                33,
                34,
                37,
                38
            ],
            "excluded_lines": [],
            "executed_branches": [],
            "missing_branches": [
                [
                    27,
                    -24
                ],
                [
                    27,
                    28
                ],
                [
                    29,
                    27
                ],
                [
                    29,
                    30
                ],
                [
                    37,
                    -36
                ],
                [
                    37,
                    38
                ]
            ],
            "functions": {
                "EntitlementResolver.__init__": {
                    "executed_lines": [],
                    "summary": {
                        "covered_lines": 0,
                        "num_statements": 6,
                        "percent_covered": 0.0,
                        "percent_covered_display": "0.0",
                        "missing_lines": 6,
                        "excluded_lines": 0,
                        "percent_statements_covered": 0.0,
                        "percent_statements_covered_display": "0.0",
                        "num_branches": 4,
                        "num_partial_branches": 0,
                        "covered_branches": 0,
                        "missing_branches": 4,
                        "percent_branches_covered": 0.0,
                        "percent_branches_covered_display": "0.0"
                    },
                    "missing_lines": [
                        25,
                        26,
                        27,
                        28,
                        29,
                        30
                    ],
                    "excluded_lines": [],
                    "start_line": 24,
                    "executed_branches": [],
                    "missing_branches": [
                        [
                            27,
                            -24
                        ],
                        [
                            27,
                            28
                        ],
                        [
                            29,
                            27
                        ],
                        [
                            29,
                            30
                        ]
                    ]
                },
                "EntitlementResolver.allows": {
                    "executed_lines": [],
                    "summary": {
                        "covered_lines": 0,
                        "num_statements": 2,
                        "percent_covered": 0.0,
                        "percent_covered_display": "0.0",
                        "missing_lines": 2,
                        "excluded_lines": 0,
                        "percent_statements_covered": 0.0,
                        "percent_statements_covered_display": "0.0",
                        "num_branches": 0,
                        "num_partial_branches": 0,
                        "covered_branches": 0,
                        "missing_branches": 0,
                        "percent_branches_covered": 100.0,
                        "percent_branches_covered_display": "100.0"
                    },
                    "missing_lines": [
                        33,
                        34
                    ],
                    "excluded_lines": [],
                    "start_line": 32,
                    "executed_branches": [],
                    "missing_branches": []
                },
                "EntitlementResolver.require": {
                    "executed_lines": [],
                    "summary": {
                        "covered_lines": 0,
                        "num_statements": 2,
                        "percent_covered": 0.0,
                        "percent_covered_display": "0.0",
                        "missing_lines": 2,
                        "excluded_lines": 0,
                        "percent_statements_covered": 0.0,
                        "percent_statements_covered_display": "0.0",
                        "num_branches": 2,
                        "num_partial_branches": 0,
                        "covered_branches": 0,
                        "missing_branches": 2,
                        "percent_branches_covered": 0.0,
                        "percent_branches_covered_display": "0.0"
                    },
                    "missing_lines": [
                        37,
                        38
                    ],
                    "excluded_lines": [],
                    "start_line": 36,
                    "executed_branches": [],
                    "missing_branches": [
                        [
                            37,
                            -36
                        ],
                        [
                            37,
                            38
                        ]
                    ]
                },
                "": {
                    "executed_lines": [
                        3,
                        5,
                        7,
                        10,
                        13,
                        15,
                        16,
                        17,
                        18,
                        21,
                        24,
                        32,
                        36
                    ],
                    "summary": {
                        "covered_lines": 13,
                        "num_statements": 13,
                        "percent_covered": 100.0,
                        "percent_covered_display": "100.0",
                        "missing_lines": 0,
                        "excluded_lines": 0,
                        "percent_statements_covered": 100.0,
                        "percent_statements_covered_display": "100.0",
                        "num_branches": 0,
                        "num_partial_branches": 0,
                        "covered_branches": 0,
                        "missing_branches": 0,
                        "percent_branches_covered": 100.0,
                        "percent_branches_covered_display": "100.0"
                    },
                    "missing_lines": [],
                    "excluded_lines": [],
                    "start_line": 1,
                    "executed_branches": [],
                    "missing_branches": []
                }
            },
            "classes": {
                "LicenseBundle": {
                    "executed_lines": [],
                    "summary": {
                        "covered_lines": 0,
                        "num_statements": 0,
                        "percent_covered": 100.0,
                        "percent_covered_display": "100.0",
                        "missing_lines": 0,
                        "excluded_lines": 0,
                        "percent_statements_covered": 100.0,
                        "percent_statements_covered_display": "100.0",
                        "num_branches": 0,
                        "num_partial_branches": 0,
                        "covered_branches": 0,
                        "missing_branches": 0,
                        "percent_branches_covered": 100.0,
                        "percent_branches_covered_display": "100.0"
                    },
                    "missing_lines": [],
                    "excluded_lines": [],
                    "start_line": 10,
                    "executed_branches": [],
                    "missing_branches": []
                },
                "EntitlementResolver": {
                    "executed_lines": [],
                    "summary": {
                        "covered_lines": 0,
                        "num_statements": 10,
                        "percent_covered": 0.0,
                        "percent_covered_display": "0.0",
                        "missing_lines": 10,
                        "excluded_lines": 0,
                        "percent_statements_covered": 0.0,
                        "percent_statements_covered_display": "0.0",
                        "num_branches": 6,
                        "num_partial_branches": 0,
                        "covered_branches": 0,
                        "missing_branches": 6,
                        "percent_branches_covered": 0.0,
                        "percent_branches_covered_display": "0.0"
                    },
                    "missing_lines": [
                        25,
                        26,
                        27,
                        28,
                        29,
                        30,
                        33,
                        34,
                        37,
                        38
                    ],
                    "excluded_lines": [],
                    "start_line": 21,
                    "executed_branches": [],
                    "missing_branches": [
                        [
                            27,
                            -24
                        ],
                        [
                            27,
                            28
                        ],
                        [
                            29,
                            27
                        ],
                        [
                            29,
                            30
                        ],
                        [
                            37,
                            -36
                        ],
                        [
                            37,
                            38
                        ]
                    ]
                },
                "": {
                    "executed_lines": [
                        3,
                        5,
                        7,
                        10,
                        13,
                        15,
                        16,
                        17,
                        18,
                        21,
                        24,
                        32,
                        36
                    ],
                    "summary": {
                        "covered_lines": 13,
                        "num_statements": 13,
                        "percent_covered": 100.0,
                        "percent_covered_display": "100.0",
                        "missing_lines": 0,
                        "excluded_lines": 0,
                        "percent_statements_covered": 100.0,
                        "percent_statements_covered_display": "100.0",
                        "num_branches": 0,
                        "num_partial_branches": 0,
                        "covered_branches": 0,
                        "missing_branches": 0,
                        "percent_branches_covered": 100.0,
                        "percent_branches_covered_display": "100.0"
                    },
                    "missing_lines": [],
                    "excluded_lines": [],
                    "start_line": 1,
                    "executed_branches": [],
                    "missing_branches": []
                }
            }
        }
    },
    "totals": {
        "covered_lines": 980,
        "num_statements": 2696,
        "percent_covered": 31.604038137969713,
        "percent_covered_display": "31.6",
        "missing_lines": 1716,
        "excluded_lines": 0,
        "percent_statements_covered": 36.35014836795252,
        "percent_statements_covered_display": "36.4",
        "num_branches": 870,
        "num_partial_branches": 63,
        "covered_branches": 147,
        "missing_branches": 723,
        "percent_branches_covered": 16.896551724137932,
        "percent_branches_covered_display": "16.9"
    }
}